<?xml version="1.0" encoding="UTF-8"?>
<!-- Generated by org.testng.reporters.JUnitReportReporter -->
<testsuite hostname="LAPTOP-BVLK2EFE" failures="0" tests="1" name="com.practiseProgramms.FindDuplicateElementsInArray" time="0.011" errors="0" timestamp="2021-05-10T22:46:32 IST" skipped="0">
  <testcase classname="com.practiseProgramms.FindDuplicateElementsInArray" name="findDuplicates" time="0.011"/>
  <system-out/>
</testsuite> <!-- com.practiseProgramms.FindDuplicateElementsInArray -->
