<?xml version="1.0" encoding="UTF-8"?>
<!-- Generated by org.testng.reporters.JUnitReportReporter -->
<testsuite hostname="LAPTOP-BVLK2EFE" failures="0" tests="1" name="com.java8.features.FunctionalInterfaces" time="0.027" errors="0" timestamp="2021-06-09T17:58:44 IST" skipped="0">
  <testcase classname="com.java8.features.FunctionalInterfaces" name="testtt" time="0.027"/>
  <system-out/>
</testsuite> <!-- com.java8.features.FunctionalInterfaces -->
