<?xml version="1.0" encoding="UTF-8"?>
<!-- Generated by org.testng.reporters.JUnitReportReporter -->
<testsuite hostname="LAPTOP-BVLK2EFE" failures="0" tests="1" name="com.practiseProgramms.CountNumOfCharInString" time="0.011" errors="0" timestamp="2021-01-04T15:48:05 IST" skipped="0">
  <testcase classname="com.practiseProgramms.CountNumOfCharInString" name="testCountNumOfCharInString" time="0.011"/>
  <system-out/>
</testsuite> <!-- com.practiseProgramms.CountNumOfCharInString -->
