<?xml version="1.0" encoding="UTF-8"?>
<!-- Generated by org.testng.reporters.JUnitReportReporter -->
<testsuite hostname="LAPTOP-BVLK2EFE" failures="0" tests="1" name="com.practiseProgramms.PatteernProgrammOne" time="2.665" errors="0" timestamp="2021-01-18T21:01:49 IST" skipped="0">
  <testcase classname="com.practiseProgramms.PatteernProgrammOne" name="test" time="2.665"/>
  <system-out/>
</testsuite> <!-- com.practiseProgramms.PatteernProgrammOne -->
