<?xml version="1.0" encoding="UTF-8"?>
<!-- Generated by org.testng.reporters.JUnitReportReporter -->
<testsuite hostname="LAPTOP-BVLK2EFE" failures="0" tests="1" name="com.practiseProgramms.DuplicateWordsInArray" time="0.010" errors="0" timestamp="2020-12-30T18:21:42 IST" skipped="0">
  <testcase classname="com.practiseProgramms.DuplicateWordsInArray" name="printDuplicateCount" time="0.010"/>
  <system-out/>
</testsuite> <!-- com.practiseProgramms.DuplicateWordsInArray -->
