<?xml version="1.0" encoding="UTF-8"?>
<!-- Generated by org.testng.reporters.JUnitReportReporter -->
<testsuite hostname="LAPTOP-BVLK2EFE" failures="0" tests="1" name="com.practiseProgramms.StringImmuatabilityCheck" time="0.010" errors="0" timestamp="2021-01-03T22:38:05 IST" skipped="0">
  <testcase classname="com.practiseProgramms.StringImmuatabilityCheck" name="proveStringsAreImmutable" time="0.010"/>
  <system-out/>
</testsuite> <!-- com.practiseProgramms.StringImmuatabilityCheck -->
