<?xml version="1.0" encoding="UTF-8"?>
<!-- Generated by org.testng.reporters.JUnitReportReporter -->
<testsuite hostname="LAPTOP-BVLK2EFE" failures="0" tests="1" name="com.practiseProgramms.CountNumOfTimesCharRepeatedInString" time="0.014" errors="0" timestamp="2021-06-10T20:54:57 IST" skipped="0">
  <testcase classname="com.practiseProgramms.CountNumOfTimesCharRepeatedInString" name="testgetUniqueCharacterSubstring" time="0.014"/>
  <system-out/>
</testsuite> <!-- com.practiseProgramms.CountNumOfTimesCharRepeatedInString -->
