<?xml version="1.0" encoding="UTF-8"?>
<!-- Generated by org.testng.reporters.JUnitReportReporter -->
<testsuite hostname="LAPTOP-BVLK2EFE" failures="0" tests="1" name="com.practiseProgramms.TestDuplicateWordInArrayUsingMapSet" time="0.010" errors="0" timestamp="2021-01-04T11:02:43 IST" skipped="0">
  <testcase classname="com.practiseProgramms.TestDuplicateWordInArrayUsingMapSet" name="testUsingMap" time="0.010"/>
  <system-out/>
</testsuite> <!-- com.practiseProgramms.TestDuplicateWordInArrayUsingMapSet -->
