<?xml version="1.0" encoding="UTF-8"?>
<!-- Generated by org.testng.reporters.JUnitReportReporter -->
<testsuite hostname="LAPTOP-BVLK2EFE" failures="0" tests="1" name="com.practiseProgramms.MissingNumInArray" time="0.012" errors="0" timestamp="2021-06-10T20:49:18 IST" skipped="0">
  <testcase classname="com.practiseProgramms.MissingNumInArray" name="missingNumInArray" time="0.012"/>
  <system-out/>
</testsuite> <!-- com.practiseProgramms.MissingNumInArray -->
