<?xml version="1.0" encoding="UTF-8"?>
<!-- Generated by org.testng.reporters.JUnitReportReporter -->
<testsuite hostname="LAPTOP-BVLK2EFE" failures="0" tests="1" name="com.practiseProgramms.PatteernProgramms" time="226.931" errors="0" timestamp="2021-01-28T19:22:40 IST" skipped="0">
  <testcase classname="com.practiseProgramms.PatteernProgramms" name="patternOne" time="226.931"/>
  <system-out/>
</testsuite> <!-- com.practiseProgramms.PatteernProgramms -->
