<?xml version="1.0" encoding="UTF-8"?>
<!-- Generated by org.testng.reporters.JUnitReportReporter -->
<testsuite hostname="LAPTOP-BVLK2EFE" failures="0" tests="1" name="com.practiseProgramms.SortingArraysUsingInBuiltMethods" time="0.016" errors="0" timestamp="2021-01-04T12:09:36 IST" skipped="0">
  <testcase classname="com.practiseProgramms.SortingArraysUsingInBuiltMethods" name="sortStringsInDescOrder" time="0.016"/>
  <system-out/>
</testsuite> <!-- com.practiseProgramms.SortingArraysUsingInBuiltMethods -->
