<?xml version="1.0" encoding="UTF-8"?>
<!-- Generated by org.testng.reporters.JUnitReportReporter -->
<testsuite hostname="LAPTOP-BVLK2EFE" failures="0" tests="1" name="com.practiseProgramms.TestDuplicateWordInArrayUsingMap" time="0.011" errors="0" timestamp="2020-12-30T18:21:22 IST" skipped="0">
  <testcase classname="com.practiseProgramms.TestDuplicateWordInArrayUsingMap" name="test" time="0.011"/>
  <system-out/>
</testsuite> <!-- com.practiseProgramms.TestDuplicateWordInArrayUsingMap -->
