<?xml version="1.0" encoding="UTF-8"?>
<!-- Generated by org.testng.reporters.JUnitReportReporter -->
<testsuite hostname="LAPTOP-BVLK2EFE" failures="0" tests="1" name="com.practiseProgramms.SortingStrings" time="0.016" errors="0" timestamp="2021-05-14T12:51:27 IST" skipped="0">
  <testcase classname="com.practiseProgramms.SortingStrings" name="testStringsSort" time="0.016"/>
  <system-out/>
</testsuite> <!-- com.practiseProgramms.SortingStrings -->
