<?xml version="1.0" encoding="UTF-8"?>
<!-- Generated by org.testng.reporters.JUnitReportReporter -->
<testsuite hostname="LAPTOP-BVLK2EFE" failures="0" tests="1" name="com.practiseProgramms.Fibonacci" time="0.014" errors="0" timestamp="2021-01-03T22:35:33 IST" skipped="0">
  <testcase classname="com.practiseProgramms.Fibonacci" name="testCountNumberOfEvenAndOddDigitsinANumber" time="0.014"/>
  <system-out/>
</testsuite> <!-- com.practiseProgramms.Fibonacci -->
