<?xml version="1.0" encoding="UTF-8"?>
<!-- Generated by org.testng.reporters.JUnitReportReporter -->
<testsuite hostname="LAPTOP-BVLK2EFE" failures="0" tests="1" name="com.practiseProgramms.EncryptionDecryption" time="0.061" errors="1" timestamp="2021-01-17T09:18:45 IST" skipped="0">
  <testcase classname="com.practiseProgramms.EncryptionDecryption" name="testencrption" time="0.061">
    <error message="java.security.InvalidKeyException: Wrong algorithm: Blowfish required" type="java.lang.Exception">
      <![CDATA[java.lang.Exception: java.security.InvalidKeyException: Wrong algorithm: Blowfish required
at com.practiseProgramms.EncryptionDecryption.encrypt(EncryptionDecryption.java:51)
at com.practiseProgramms.EncryptionDecryption.testencrption(EncryptionDecryption.java:76)
at java.base/jdk.internal.reflect.NativeMethodAccessorImpl.invoke0(Native Method)
at java.base/jdk.internal.reflect.NativeMethodAccessorImpl.invoke(NativeMethodAccessorImpl.java:64)
at java.base/jdk.internal.reflect.DelegatingMethodAccessorImpl.invoke(DelegatingMethodAccessorImpl.java:43)
at java.base/java.lang.reflect.Method.invoke(Method.java:564)
at org.testng.internal.MethodInvocationHelper.invokeMethod(MethodInvocationHelper.java:132)
at org.testng.internal.TestInvoker.invokeMethod(TestInvoker.java:599)
at org.testng.internal.TestInvoker.invokeTestMethod(TestInvoker.java:174)
at org.testng.internal.MethodRunner.runInSequence(MethodRunner.java:46)
at org.testng.internal.TestInvoker$MethodInvocationAgent.invoke(TestInvoker.java:822)
at org.testng.internal.TestInvoker.invokeTestMethods(TestInvoker.java:147)
at org.testng.internal.TestMethodWorker.invokeTestMethods(TestMethodWorker.java:146)
at org.testng.internal.TestMethodWorker.run(TestMethodWorker.java:128)
at java.base/java.util.ArrayList.forEach(ArrayList.java:1511)
at org.testng.TestRunner.privateRun(TestRunner.java:764)
at org.testng.TestRunner.run(TestRunner.java:585)
at org.testng.SuiteRunner.runTest(SuiteRunner.java:384)
at org.testng.SuiteRunner.runSequentially(SuiteRunner.java:378)
at org.testng.SuiteRunner.privateRun(SuiteRunner.java:337)
at org.testng.SuiteRunner.run(SuiteRunner.java:286)
at org.testng.SuiteRunnerWorker.runSuite(SuiteRunnerWorker.java:53)
at org.testng.SuiteRunnerWorker.run(SuiteRunnerWorker.java:96)
at org.testng.TestNG.runSuitesSequentially(TestNG.java:1218)
at org.testng.TestNG.runSuitesLocally(TestNG.java:1140)
at org.testng.TestNG.runSuites(TestNG.java:1069)
at org.testng.TestNG.run(TestNG.java:1037)
at org.testng.remote.AbstractRemoteTestNG.run(AbstractRemoteTestNG.java:115)
at org.testng.remote.RemoteTestNG.initAndRun(RemoteTestNG.java:251)
at org.testng.remote.RemoteTestNG.main(RemoteTestNG.java:77)
Caused by: java.security.InvalidKeyException: Wrong algorithm: Blowfish required
at java.base/com.sun.crypto.provider.BlowfishCrypt.init(BlowfishCrypt.java:61)
at java.base/com.sun.crypto.provider.ElectronicCodeBook.init(ElectronicCodeBook.java:97)
at java.base/com.sun.crypto.provider.CipherCore.init(CipherCore.java:593)
at java.base/com.sun.crypto.provider.CipherCore.init(CipherCore.java:469)
at java.base/com.sun.crypto.provider.BlowfishCipher.engineInit(BlowfishCipher.java:191)
at java.base/javax.crypto.Cipher.implInit(Cipher.java:867)
at java.base/javax.crypto.Cipher.chooseProvider(Cipher.java:929)
at java.base/javax.crypto.Cipher.init(Cipher.java:1299)
at java.base/javax.crypto.Cipher.init(Cipher.java:1236)
at com.practiseProgramms.EncryptionDecryption.encrypt(EncryptionDecryption.java:45)
... 29 more
]]>
    </error>
  </testcase> <!-- testencrption -->
  <system-out/>
</testsuite> <!-- com.practiseProgramms.EncryptionDecryption -->
