<?xml version="1.0" encoding="UTF-8"?>
<!-- Generated by org.testng.reporters.JUnitReportReporter -->
<testsuite hostname="LAPTOP-BVLK2EFE" failures="0" tests="1" name="com.practiseProgramms.AnagramProgramm" time="0.012" errors="0" timestamp="2021-08-12T00:04:35 IST" skipped="0">
  <testcase classname="com.practiseProgramms.AnagramProgramm" name="leftshiftnums" time="0.012"/>
  <system-out/>
</testsuite> <!-- com.practiseProgramms.AnagramProgramm -->
